Compiling the CXX compiler identification source file "CMakeCXXCompilerId.cpp" failed.
Compiler: /usr/bin/c++ 
Build flags: -march=armv8-a
Id flags:  

The output was:
1
cc1plus: error: bad value (‘armv8-a’) for ‘-march=’ switch
cc1plus: note: valid arguments to ‘-march=’ switch are: nocona core2 nehalem corei7 westmere sandybridge corei7-avx ivybridge core-avx-i haswell core-avx2 broadwell skylake skylake-avx512 cannonlake icelake-client icelake-server bonnell atom silvermont slm knl knm x86-64 eden-x2 nano nano-1000 nano-2000 nano-3000 nano-x2 eden-x4 nano-x4 k8 k8-sse3 opteron opteron-sse3 athlon64 athlon64-sse3 athlon-fx amdfam10 barcelona bdver1 bdver2 bdver3 bdver4 znver1 btver1 btver2 native


Compiling the CXX compiler identification source file "CMakeCXXCompilerId.cpp" failed.
Compiler: /usr/bin/c++ 
Build flags: -march=armv8-a
Id flags: -c 

The output was:
1
cc1plus: error: bad value (‘armv8-a’) for ‘-march=’ switch
cc1plus: note: valid arguments to ‘-march=’ switch are: nocona core2 nehalem corei7 westmere sandybridge corei7-avx ivybridge core-avx-i haswell core-avx2 broadwell skylake skylake-avx512 cannonlake icelake-client icelake-server bonnell atom silvermont slm knl knm x86-64 eden-x2 nano nano-1000 nano-2000 nano-3000 nano-x2 eden-x4 nano-x4 k8 k8-sse3 opteron opteron-sse3 athlon64 athlon64-sse3 athlon-fx amdfam10 barcelona bdver1 bdver2 bdver3 bdver4 znver1 btver1 btver2 native


Compiling the CXX compiler identification source file "CMakeCXXCompilerId.cpp" failed.
Compiler: /usr/bin/c++ 
Build flags: -march=armv8-a
Id flags: --c++ 

The output was:
1
c++: error: unrecognized command line option ‘--c++’


Compiling the CXX compiler identification source file "CMakeCXXCompilerId.cpp" failed.
Compiler: /usr/bin/c++ 
Build flags: -march=armv8-a
Id flags: --ec++ 

The output was:
1
c++: error: unrecognized command line option ‘--ec++’; did you mean ‘-Weffc++’?


Determining if the CXX compiler works failed with the following output:
Change Dir: /home/accts/emb99/sproj/eecs-senior-project/etc/hello/CMakeFiles/CMakeTmp

Run Build Command:"/usr/bin/gmake" "cmTC_a7a85/fast"
/usr/bin/gmake -f CMakeFiles/cmTC_a7a85.dir/build.make CMakeFiles/cmTC_a7a85.dir/build
gmake[1]: Entering directory '/home/accts/emb99/sproj/eecs-senior-project/etc/hello/CMakeFiles/CMakeTmp'
Building CXX object CMakeFiles/cmTC_a7a85.dir/testCXXCompiler.cxx.o
/usr/bin/c++    -march=armv8-a    -o CMakeFiles/cmTC_a7a85.dir/testCXXCompiler.cxx.o -c /home/accts/emb99/sproj/eecs-senior-project/etc/hello/CMakeFiles/CMakeTmp/testCXXCompiler.cxx
cc1plus: error: bad value (‘armv8-a’) for ‘-march=’ switch
cc1plus: note: valid arguments to ‘-march=’ switch are: nocona core2 nehalem corei7 westmere sandybridge corei7-avx ivybridge core-avx-i haswell core-avx2 broadwell skylake skylake-avx512 cannonlake icelake-client icelake-server bonnell atom silvermont slm knl knm x86-64 eden-x2 nano nano-1000 nano-2000 nano-3000 nano-x2 eden-x4 nano-x4 k8 k8-sse3 opteron opteron-sse3 athlon64 athlon64-sse3 athlon-fx amdfam10 barcelona bdver1 bdver2 bdver3 bdver4 znver1 btver1 btver2 native
gmake[1]: *** [CMakeFiles/cmTC_a7a85.dir/build.make:66: CMakeFiles/cmTC_a7a85.dir/testCXXCompiler.cxx.o] Error 1
gmake[1]: Leaving directory '/home/accts/emb99/sproj/eecs-senior-project/etc/hello/CMakeFiles/CMakeTmp'
gmake: *** [Makefile:126: cmTC_a7a85/fast] Error 2


