(0.750000) 3 4 -> 5
(0.750000) 6 8 -> 10
(0.416667) 5 12 -> 13
(0.750000) 9 12 -> 15
(0.533333) 8 15 -> 17
(0.750000) 12 16 -> 20
(0.291667) 7 24 -> 25
(0.416667) 10 24 -> 26
(0.750000) 15 20 -> 25
(0.952381) 20 21 -> 29
(0.750000) 18 24 -> 30
(0.533333) 16 30 -> 34
(0.342857) 12 35 -> 37
(0.225000) 9 40 -> 41
(0.750000) 21 28 -> 35
(0.416667) 15 36 -> 39
(0.750000) 24 32 -> 40
(0.291667) 14 48 -> 50
(0.750000) 27 36 -> 45
(0.416667) 20 48 -> 52
(0.533333) 24 45 -> 51
(0.750000) 30 40 -> 50
(0.183333) 11 60 -> 61
(0.622222) 28 45 -> 53
(0.750000) 33 44 -> 55
(0.253968) 16 63 -> 65
(0.952381) 40 42 -> 58
(0.750000) 36 48 -> 60
(0.416667) 25 60 -> 65
(0.589286) 33 56 -> 65
(0.750000) 39 52 -> 65
(0.533333) 32 60 -> 68
(0.291667) 21 72 -> 75
(0.342857) 24 70 -> 74
(0.154762) 13 84 -> 85
(0.225000) 18 80 -> 82
(0.750000) 42 56 -> 70
